<?xml version="1.0" encoding="UTF-8"?>
<!-- Generated by org.testng.reporters.JUnitXMLReporter -->
<testsuite hostname="Mds-MacBook-Pro.local" ignored="0" name="Test" tests="3" failures="0" timestamp="2020-03-14T07:03:36 EDT" time="31.142" errors="0">
  <testcase name="basePageNavig" time="13.543" classname="com.academy.pom.HomePage"/>
  <testcase name="basePageNavig" time="5.25" classname="com.academy.pom.HomePage"/>
  <testcase name="basePageNavig" time="0.078" classname="com.academy.pom.validateTitle"/>
</testsuite> <!-- Test -->
