<?xml version="1.0" encoding="UTF-8"?>
<testsuite xmlns:xsi="http://www.w3.org/2001/XMLSchema-instance" xsi:noNamespaceSchemaLocation="https://maven.apache.org/surefire/maven-surefire-plugin/xsd/surefire-test-report-3.0.xsd" version="3.0" name="TestSuite" time="29.063" tests="3" errors="0" skipped="0" failures="0">
  <properties>
[...]
</properties>
  <testcase name="validateAppNav" classname="com.academy.pom.HomePage" time="12.398"/>
  <testcase name="validateAppNav" classname="com.academy.pom.HomePage" time="5.518"/>
  <testcase name="ValidateAppTitle" classname="com.academy.pom.validateTitle" time="0.084"/>
</testsuite>