<?xml version="1.0" encoding="UTF-8"?>
<testng-results ignored="0" total="3" passed="3" failed="0" skipped="0">
  <reporter-output>
  </reporter-output>
  <suite started-at="2020-03-14T12:46:13 EDT" name="Suite" finished-at="2020-03-14T12:46:41 EDT" duration-ms="27778">
    <groups>
    </groups>
    <test started-at="2020-03-14T12:46:13 EDT" name="Homepage" finished-at="2020-03-14T12:46:33 EDT" duration-ms="20185">
      <class name="com.academy.pom.HomePage">
        <test-method is-config="true" signature="initialize()[pri:0, instance:com.academy.pom.HomePage@4066c471]" started-at="2020-03-14T12:46:13 EDT" name="initialize" finished-at="2020-03-14T12:46:15 EDT" duration-ms="2037" status="PASS">
          <reporter-output>
          </reporter-output>
        </test-method> <!-- initialize -->
        <test-method signature="validateAppNav(java.lang.String, java.lang.String, java.lang.String)[pri:0, instance:com.academy.pom.HomePage@4066c471]" started-at="2020-03-14T12:46:15 EDT" name="validateAppNav" data-provider="getData" finished-at="2020-03-14T12:46:27 EDT" duration-ms="12396" status="PASS">
          <params>
            <param index="0">
              <value>
                <![CDATA[nonrestricteduser@gmail.com]]>
              </value>
            </param>
            <param index="1">
              <value>
                <![CDATA[1234456778888]]>
              </value>
            </param>
            <param index="2">
              <value>
                <![CDATA[Non_Restricted Users]]>
              </value>
            </param>
          </params>
          <reporter-output>
          </reporter-output>
        </test-method> <!-- validateAppNav -->
        <test-method signature="validateAppNav(java.lang.String, java.lang.String, java.lang.String)[pri:0, instance:com.academy.pom.HomePage@4066c471]" started-at="2020-03-14T12:46:27 EDT" name="validateAppNav" data-provider="getData" finished-at="2020-03-14T12:46:33 EDT" duration-ms="5518" status="PASS">
          <params>
            <param index="0">
              <value>
                <![CDATA[restricteduser@gmail.com]]>
              </value>
            </param>
            <param index="1">
              <value>
                <![CDATA[156778888]]>
              </value>
            </param>
            <param index="2">
              <value>
                <![CDATA[Restricted Users]]>
              </value>
            </param>
          </params>
          <reporter-output>
          </reporter-output>
        </test-method> <!-- validateAppNav -->
        <test-method is-config="true" signature="terdown()[pri:0, instance:com.academy.pom.HomePage@4066c471]" started-at="2020-03-14T12:46:33 EDT" name="terdown" finished-at="2020-03-14T12:46:33 EDT" duration-ms="202" status="PASS">
          <reporter-output>
          </reporter-output>
        </test-method> <!-- terdown -->
      </class> <!-- com.academy.pom.HomePage -->
    </test> <!-- Homepage -->
    <test started-at="2020-03-14T12:46:33 EDT" name="Validate Title" finished-at="2020-03-14T12:46:41 EDT" duration-ms="7526">
      <class name="com.academy.pom.validateTitle">
        <test-method is-config="true" signature="initialize()[pri:0, instance:com.academy.pom.validateTitle@40317ba2]" started-at="2020-03-14T12:46:33 EDT" name="initialize" finished-at="2020-03-14T12:46:40 EDT" duration-ms="7159" status="PASS">
          <reporter-output>
          </reporter-output>
        </test-method> <!-- initialize -->
        <test-method signature="ValidateAppTitle()[pri:0, instance:com.academy.pom.validateTitle@40317ba2]" started-at="2020-03-14T12:46:40 EDT" name="ValidateAppTitle" finished-at="2020-03-14T12:46:40 EDT" duration-ms="84" status="PASS">
          <reporter-output>
          </reporter-output>
        </test-method> <!-- ValidateAppTitle -->
        <test-method is-config="true" signature="terdown()[pri:0, instance:com.academy.pom.validateTitle@40317ba2]" started-at="2020-03-14T12:46:40 EDT" name="terdown" finished-at="2020-03-14T12:46:41 EDT" duration-ms="282" status="PASS">
          <reporter-output>
          </reporter-output>
        </test-method> <!-- terdown -->
      </class> <!-- com.academy.pom.validateTitle -->
    </test> <!-- Validate Title -->
  </suite> <!-- Suite -->
</testng-results>
